


ARM Macro Assembler    Page 1 


    1 00000000         ;/******************************************************
                       ***********************/
    2 00000000         ;/* FIQ.S: FIQ Handler                                  
                                             */
    3 00000000         ;/******************************************************
                       ***********************/
    4 00000000         ;/* This file is part of the uVision/ARM development too
                       ls.                   */
    5 00000000         ;/* Copyright (c) 2005-2006 Keil Software. All rights re
                       served.               */
    6 00000000         ;/* This software may only be used under the terms of a 
                       valid, current,       */
    7 00000000         ;/* end user licence from KEIL for a compatible version 
                       of KEIL software      */
    8 00000000         ;/* development tools. Nothing else gives you the right 
                       to use this software. */
    9 00000000         ;/******************************************************
                       ***********************/
   10 00000000         
   11 00000000         
   12 00000000                 AREA             FIQ, CODE, READONLY
   13 00000000                 ARM
   14 00000000         
   15 00000000                 PRESERVE8
   16 00000000                 ALIGN
   17 00000000                 IMPORT           FIQ_Handler
   18 00000000                 EXPORT           FIQHandler
   19 00000000         
   20 00000000         FIQHandler
   21 00000000 E24EE004        SUB              LR, LR, #4  ; Update Link Regis
                                                            ter
   22 00000004 E92D40FF        STMFD            SP!, {R0-R7, LR} ; Save Workspa
                                                            ce & LR to Stack
   23 00000008 E14F0000        MRS              R0, SPSR    ; Copy SPSR to R0
   24 0000000C E92D0001        STMFD            SP!, {R0}   ; Save SPSR to Stac
                                                            k (8-byte)
   25 00000010 EBFFFFFE        BL               FIQ_Handler ; Branch to FIQ Han
                                                            dler
   26 00000014 E8BD0001        LDMFD            SP!, {R0}   ; Restore SPSR to R
                                                            0
   27 00000018 E16FF000        MSR              SPSR_cxsf, R0 ; Restore SPSR
   28 0000001C E8FD80FF        LDMFD            SP!, {R0-R7, PC}^ ; Return to p
                                                            rogram after
   29 00000020         ; Data Abort Instruction
   30 00000020         
   31 00000020                 END
Command Line: --debug --xref --device=DARMST9 -o.\FLASH\FIQ.o -IC:\Keil\ARM\INC
\ST\91x --list=.\lst\FIQ.lst FIQ.s



ARM Macro Assembler    Page 1 Alphabetic symbol ordering
Relocatable symbols

FIQ 00000000

Symbol: FIQ
   Definitions
      At line 12 in file FIQ.s
   Uses
      None
Comment: FIQ unused
FIQHandler 00000000

Symbol: FIQHandler
   Definitions
      At line 20 in file FIQ.s
   Uses
      At line 18 in file FIQ.s
Comment: FIQHandler used once
2 symbols



ARM Macro Assembler    Page 1 Alphabetic symbol ordering
External symbols

FIQ_Handler 00000000

Symbol: FIQ_Handler
   Definitions
      At line 17 in file FIQ.s
   Uses
      At line 25 in file FIQ.s
Comment: FIQ_Handler used once
1 symbol
318 symbols in table
